Using pre-set license
Built from '2020.3/release' branch; Version is '2020.3.31f1 (6b54b7616050) revision 7034039'; Using compiler version '192528614'; Build Type 'Release'
OS: 'Windows 10  (10.0.19045) 64bit Core' Language: 'en' Physical Memory: 32708 MB
BatchMode: 1, IsHumanControllingUs: 0, StartBugReporterOnCrash: 0, Is64bit: 1, IsPro: 0

COMMAND LINE ARGUMENTS:
C:\Program Files\Unity\Hub\Editor\2020.3.31f1\Editor\Unity.exe
-adb2
-batchMode
-noUpm
-name
AssetImportWorker0
-projectPath
C:/Users/ethan/RockitFliRedoneAttempt2
-logFile
Logs/AssetImportWorker0.log
-srvPort
59499
Successfully changed project path to: C:/Users/ethan/RockitFliRedoneAttempt2
C:/Users/ethan/RockitFliRedoneAttempt2
Using Asset Import Pipeline V2.
Refreshing native plugins compatible for Editor in 54.08 ms, found 3 plugins.
Preloading 0 native plugins for Editor in 0.00 ms.
Initialize engine version: 2020.3.31f1 (6b54b7616050)
[Subsystems] Discovering subsystems at path C:/Program Files/Unity/Hub/Editor/2020.3.31f1/Editor/Data/Resources/UnitySubsystems
[Subsystems] Discovering subsystems at path C:/Users/ethan/RockitFliRedoneAttempt2/Assets
GfxDevice: creating device client; threaded=0
Direct3D:
    Version:  Direct3D 11.0 [level 11.1]
    Renderer: NVIDIA GeForce GTX 1060 6GB (ID=0x1c06)
    Vendor:   
    VRAM:     6052 MB
    Driver:   31.0.15.1694
Initialize mono
Mono path[0] = 'C:/Program Files/Unity/Hub/Editor/2020.3.31f1/Editor/Data/Managed'
Mono path[1] = 'C:/Program Files/Unity/Hub/Editor/2020.3.31f1/Editor/Data/MonoBleedingEdge/lib/mono/unityjit'
Mono config path = 'C:/Program Files/Unity/Hub/Editor/2020.3.31f1/Editor/Data/MonoBleedingEdge/etc'
Using monoOptions --debugger-agent=transport=dt_socket,embedding=1,server=y,suspend=n,address=127.0.0.1:56264
Begin MonoManager ReloadAssembly
Registering precompiled unity dll's ...
Register platform support module: C:/Program Files/Unity/Hub/Editor/2020.3.31f1/Editor/Data/PlaybackEngines/WebGLSupport/UnityEditor.WebGL.Extensions.dll
Register platform support module: C:/Program Files/Unity/Hub/Editor/2020.3.31f1/Editor/Data/PlaybackEngines/MacStandaloneSupport/UnityEditor.OSXStandalone.Extensions.dll
Register platform support module: C:/Program Files/Unity/Hub/Editor/2020.3.31f1/Editor/Data/PlaybackEngines/WindowsStandaloneSupport/UnityEditor.WindowsStandalone.Extensions.dll
Register platform support module: C:/Program Files/Unity/Hub/Editor/2020.3.31f1/Editor/Data/PlaybackEngines/LinuxStandaloneSupport/UnityEditor.LinuxStandalone.Extensions.dll
Registered in 0.004119 seconds.
Native extension for LinuxStandalone target not found
Native extension for WindowsStandalone target not found
Native extension for OSXStandalone target not found
Native extension for WebGL target not found
Refreshing native plugins compatible for Editor in 57.97 ms, found 3 plugins.
Preloading 0 native plugins for Editor in 0.00 ms.
Mono: successfully reloaded assembly
- Completed reload, in  0.680 seconds
Domain Reload Profiling:
	ReloadAssembly (680ms)
		BeginReloadAssembly (69ms)
			ExecutionOrderSort (0ms)
			DisableScriptedObjects (0ms)
			BackupInstance (0ms)
			ReleaseScriptingObjects (0ms)
			CreateAndSetChildDomain (1ms)
		EndReloadAssembly (534ms)
			LoadAssemblies (68ms)
			RebuildTransferFunctionScriptingTraits (0ms)
			SetupTypeCache (157ms)
			ReleaseScriptCaches (0ms)
			RebuildScriptCaches (36ms)
			SetupLoadedEditorAssemblies (228ms)
				LogAssemblyErrors (0ms)
				InitializePlatformSupportModulesInManaged (12ms)
				SetLoadedEditorAssemblies (0ms)
				RefreshPlugins (58ms)
				BeforeProcessingInitializeOnLoad (22ms)
				ProcessInitializeOnLoadAttributes (102ms)
				ProcessInitializeOnLoadMethodAttributes (34ms)
				AfterProcessingInitializeOnLoad (0ms)
				EditorAssembliesLoaded (0ms)
			ExecutionOrderSort2 (0ms)
			AwakeInstancesAfterBackupRestoration (0ms)
Platform modules already initialized, skipping
Registering precompiled user dll's ...
Registered in 0.004484 seconds.
Begin MonoManager ReloadAssembly
Symbol file LoadedFromMemory doesn't match image C:\Users\ethan\RockitFliRedoneAttempt2\Library\PackageCache\com.unity.collab-proxy@1.15.15\Lib\Editor\PlasticSCM\unityplastic.dll
Native extension for LinuxStandalone target not found
Native extension for WindowsStandalone target not found
Native extension for OSXStandalone target not found
Native extension for WebGL target not found
Refreshing native plugins compatible for Editor in 48.64 ms, found 3 plugins.
Preloading 0 native plugins for Editor in 0.00 ms.
Mono: successfully reloaded assembly
- Completed reload, in  1.166 seconds
Domain Reload Profiling:
	ReloadAssembly (1167ms)
		BeginReloadAssembly (157ms)
			ExecutionOrderSort (0ms)
			DisableScriptedObjects (5ms)
			BackupInstance (0ms)
			ReleaseScriptingObjects (0ms)
			CreateAndSetChildDomain (19ms)
		EndReloadAssembly (947ms)
			LoadAssemblies (107ms)
			RebuildTransferFunctionScriptingTraits (0ms)
			SetupTypeCache (298ms)
			ReleaseScriptCaches (0ms)
			RebuildScriptCaches (50ms)
			SetupLoadedEditorAssemblies (373ms)
				LogAssemblyErrors (0ms)
				InitializePlatformSupportModulesInManaged (7ms)
				SetLoadedEditorAssemblies (0ms)
				RefreshPlugins (49ms)
				BeforeProcessingInitializeOnLoad (88ms)
				ProcessInitializeOnLoadAttributes (194ms)
				ProcessInitializeOnLoadMethodAttributes (23ms)
				AfterProcessingInitializeOnLoad (11ms)
				EditorAssembliesLoaded (0ms)
			ExecutionOrderSort2 (0ms)
			AwakeInstancesAfterBackupRestoration (9ms)
Platform modules already initialized, skipping
========================================================================
Worker process is ready to serve import requests
Launched and connected shader compiler UnityShaderCompiler.exe after 0.07 seconds
Refreshing native plugins compatible for Editor in 0.50 ms, found 3 plugins.
Preloading 0 native plugins for Editor in 0.00 ms.
Unloading 2345 Unused Serialized files (Serialized files now loaded: 0)
System memory in use before: 106.6 MB.
System memory in use after: 106.6 MB.

Unloading 31 unused Assets to reduce memory usage. Loaded Objects now: 2777.
Total: 3.135200 ms (FindLiveObjects: 0.163800 ms CreateObjectMapping: 0.095500 ms MarkObjects: 2.711900 ms  DeleteObjects: 0.163600 ms)

AssetImportParameters requested are different than current active one (requested -> active):
  custom:framework-win-MediaFoundation: 216162199b28c13a410421893ffa2e32 -> 
  custom:video-decoder-ogg-theora: a1e56fd34408186e4bbccfd4996cb3dc -> 
  custom:container-muxer-webm: aa71ff27fc2769a1b78a27578f13a17b -> 
  custom:container-demuxer-webm: 4f35f7cbe854078d1ac9338744f61a02 -> 
  custom:container-demuxer-ogg: 62fdf1f143b41e24485cea50d1cbac27 -> 
  custom:video-encoder-webm-vp8: eb34c28f22e8b96e1ab97ce403110664 -> 
  custom:video-decoder-webm-vp8: 9c59270c3fd7afecdb556c50c9e8de78 -> 
  custom:audio-decoder-ogg-vorbis: bf7c407c2cedff20999df2af8eb42d56 -> 
  custom:audio-encoder-webm-vorbis: bf7c407c2cedff20999df2af8eb42d56 -> 
========================================================================
Received Import Request.
  path: Assets/Music/Bullet.wav
  artifactKey: Guid(d1bde7053481cef47977f558ef66f5c3) Importer(815301076,1909f56bfc062723c751e8b465ee728b)
Start importing Assets/Music/Bullet.wav using Guid(d1bde7053481cef47977f558ef66f5c3) Importer(815301076,1909f56bfc062723c751e8b465ee728b)  -> (artifact id: '9cd0d4b374340259f1b4ae5ab87c12f3') in 0.113239 seconds 
========================================================================
Received Import Request.
  Time since last request: 0.000411 seconds.
  path: Assets/Music/Roswell.wav
  artifactKey: Guid(1afd39045b3fbdc4389cf14a035ff441) Importer(815301076,1909f56bfc062723c751e8b465ee728b)
Start importing Assets/Music/Roswell.wav using Guid(1afd39045b3fbdc4389cf14a035ff441) Importer(815301076,1909f56bfc062723c751e8b465ee728b)  -> (artifact id: '13c869885bf46ddfd172375f5bf4219e') in 0.015468 seconds 
========================================================================
Received Import Request.
  Time since last request: 0.000299 seconds.
  path: Assets/Music/Aspida.wav
  artifactKey: Guid(c23263823b97e8c4584cd785805b1225) Importer(815301076,1909f56bfc062723c751e8b465ee728b)
Start importing Assets/Music/Aspida.wav using Guid(c23263823b97e8c4584cd785805b1225) Importer(815301076,1909f56bfc062723c751e8b465ee728b)  -> (artifact id: '44fbc5c74e579d211b5077689761111f') in 0.014906 seconds 
========================================================================
Received Import Request.
  Time since last request: 0.000331 seconds.
  path: Assets/Music/MenuTheme.wav
  artifactKey: Guid(3f7f6527ef3cae444bdf8820435df2a1) Importer(815301076,1909f56bfc062723c751e8b465ee728b)
Start importing Assets/Music/MenuTheme.wav using Guid(3f7f6527ef3cae444bdf8820435df2a1) Importer(815301076,1909f56bfc062723c751e8b465ee728b)  -> (artifact id: 'a1101198c6742fca75988324c4f246e0') in 0.014196 seconds 
========================================================================
Received Import Request.
  Time since last request: 0.000218 seconds.
  path: Assets/Music/Tanker.wav
  artifactKey: Guid(2488f98b9d9ab7c419b1e2f3fc0a57df) Importer(815301076,1909f56bfc062723c751e8b465ee728b)
Start importing Assets/Music/Tanker.wav using Guid(2488f98b9d9ab7c419b1e2f3fc0a57df) Importer(815301076,1909f56bfc062723c751e8b465ee728b)  -> (artifact id: '9ff1ea5d4ee0cec9fc22aa1305902a9b') in 0.013749 seconds 
========================================================================
Received Import Request.
  Time since last request: 0.000413 seconds.
  path: Assets/Music/HelpTheme.wav
  artifactKey: Guid(4175686c273c70c44b8ba12f755c14d7) Importer(815301076,1909f56bfc062723c751e8b465ee728b)
Start importing Assets/Music/HelpTheme.wav using Guid(4175686c273c70c44b8ba12f755c14d7) Importer(815301076,1909f56bfc062723c751e8b465ee728b)  -> (artifact id: '11ccdbe320082a8a80af8aff9d187b2e') in 0.014894 seconds 
========================================================================
Received Import Request.
  Time since last request: 0.000501 seconds.
  path: Assets/Music/Blaze.wav
  artifactKey: Guid(062d90d7414a8944e8fd83118321891a) Importer(815301076,1909f56bfc062723c751e8b465ee728b)
Start importing Assets/Music/Blaze.wav using Guid(062d90d7414a8944e8fd83118321891a) Importer(815301076,1909f56bfc062723c751e8b465ee728b)  -> (artifact id: '3bdf69b2ec1e169975d286417cc8a8b0') in 0.014306 seconds 
========================================================================
Received Import Request.
  Time since last request: 0.000325 seconds.
  path: Assets/Music/Rodado.wav
  artifactKey: Guid(f5c5e5a114cb7834cb632b9704c3b1a9) Importer(815301076,1909f56bfc062723c751e8b465ee728b)
Start importing Assets/Music/Rodado.wav using Guid(f5c5e5a114cb7834cb632b9704c3b1a9) Importer(815301076,1909f56bfc062723c751e8b465ee728b)  -> (artifact id: '8ad2f57a1ee19afb9f7723b6107e3f59') in 0.014011 seconds 
========================================================================
Received Import Request.
  Time since last request: 0.000269 seconds.
  path: Assets/Music/SpeedDem.wav
  artifactKey: Guid(9b05f8595212fc646a8d4c05af7df0c7) Importer(815301076,1909f56bfc062723c751e8b465ee728b)
Start importing Assets/Music/SpeedDem.wav using Guid(9b05f8595212fc646a8d4c05af7df0c7) Importer(815301076,1909f56bfc062723c751e8b465ee728b)  -> (artifact id: '30e6339f49f5e8619777535e5f49f5dc') in 0.015383 seconds 
========================================================================
Received Import Request.
  Time since last request: 0.000284 seconds.
  path: Assets/Music/Talon.wav
  artifactKey: Guid(ee88aafd17b3a4042b4ad5f9e1476dac) Importer(815301076,1909f56bfc062723c751e8b465ee728b)
Start importing Assets/Music/Talon.wav using Guid(ee88aafd17b3a4042b4ad5f9e1476dac) Importer(815301076,1909f56bfc062723c751e8b465ee728b)  -> (artifact id: 'a0b1caff1e41a8cd52b407816f4b9d96') in 0.015170 seconds 
========================================================================
Received Prepare
Registering precompiled user dll's ...
Registered in 0.004254 seconds.
Begin MonoManager ReloadAssembly
Symbol file LoadedFromMemory doesn't match image C:\Users\ethan\RockitFliRedoneAttempt2\Library\PackageCache\com.unity.collab-proxy@1.15.15\Lib\Editor\PlasticSCM\unityplastic.dll
Native extension for LinuxStandalone target not found
Native extension for WindowsStandalone target not found
Native extension for OSXStandalone target not found
Native extension for WebGL target not found
Refreshing native plugins compatible for Editor in 0.59 ms, found 3 plugins.
Preloading 0 native plugins for Editor in 0.00 ms.
Mono: successfully reloaded assembly
- Completed reload, in  1.492 seconds
Domain Reload Profiling:
	ReloadAssembly (1492ms)
		BeginReloadAssembly (169ms)
			ExecutionOrderSort (0ms)
			DisableScriptedObjects (8ms)
			BackupInstance (0ms)
			ReleaseScriptingObjects (0ms)
			CreateAndSetChildDomain (48ms)
		EndReloadAssembly (1226ms)
			LoadAssemblies (151ms)
			RebuildTransferFunctionScriptingTraits (0ms)
			SetupTypeCache (482ms)
			ReleaseScriptCaches (1ms)
			RebuildScriptCaches (57ms)
			SetupLoadedEditorAssemblies (421ms)
				LogAssemblyErrors (0ms)
				InitializePlatformSupportModulesInManaged (10ms)
				SetLoadedEditorAssemblies (1ms)
				RefreshPlugins (1ms)
				BeforeProcessingInitializeOnLoad (112ms)
				ProcessInitializeOnLoadAttributes (268ms)
				ProcessInitializeOnLoadMethodAttributes (18ms)
				AfterProcessingInitializeOnLoad (12ms)
				EditorAssembliesLoaded (0ms)
			ExecutionOrderSort2 (0ms)
			AwakeInstancesAfterBackupRestoration (13ms)
Platform modules already initialized, skipping
Refreshing native plugins compatible for Editor in 0.81 ms, found 3 plugins.
Preloading 0 native plugins for Editor in 0.00 ms.
Unloading 2313 Unused Serialized files (Serialized files now loaded: 0)
System memory in use before: 106.9 MB.
System memory in use after: 107.0 MB.

Unloading 20 unused Assets to reduce memory usage. Loaded Objects now: 2789.
Total: 5.404500 ms (FindLiveObjects: 0.333400 ms CreateObjectMapping: 0.215000 ms MarkObjects: 4.577600 ms  DeleteObjects: 0.277200 ms)

AssetImportParameters requested are different than current active one (requested -> active):
  custom:framework-win-MediaFoundation: 216162199b28c13a410421893ffa2e32 -> 
  custom:video-decoder-ogg-theora: a1e56fd34408186e4bbccfd4996cb3dc -> 
  custom:container-muxer-webm: aa71ff27fc2769a1b78a27578f13a17b -> 
  custom:container-demuxer-webm: 4f35f7cbe854078d1ac9338744f61a02 -> 
  custom:container-demuxer-ogg: 62fdf1f143b41e24485cea50d1cbac27 -> 
  custom:video-encoder-webm-vp8: eb34c28f22e8b96e1ab97ce403110664 -> 
  custom:video-decoder-webm-vp8: 9c59270c3fd7afecdb556c50c9e8de78 -> 
  custom:audio-decoder-ogg-vorbis: bf7c407c2cedff20999df2af8eb42d56 -> 
  custom:audio-encoder-webm-vorbis: bf7c407c2cedff20999df2af8eb42d56 -> 
========================================================================
Received Import Request.
  Time since last request: 536.210469 seconds.
  path: Assets/Music/Aspida.wav
  artifactKey: Guid(c23263823b97e8c4584cd785805b1225) Importer(815301076,1909f56bfc062723c751e8b465ee728b)
Start importing Assets/Music/Aspida.wav using Guid(c23263823b97e8c4584cd785805b1225) Importer(815301076,1909f56bfc062723c751e8b465ee728b)  -> (artifact id: '38d35293bfebb25eec2506c7262fd8a4') in 0.053145 seconds 
========================================================================
Received Import Request.
  Time since last request: 0.000362 seconds.
  path: Assets/Music/Bullet.wav
  artifactKey: Guid(d1bde7053481cef47977f558ef66f5c3) Importer(815301076,1909f56bfc062723c751e8b465ee728b)
Start importing Assets/Music/Bullet.wav using Guid(d1bde7053481cef47977f558ef66f5c3) Importer(815301076,1909f56bfc062723c751e8b465ee728b)  -> (artifact id: 'd0979929a54e6435e4947f476bb16329') in 0.012964 seconds 
========================================================================
Received Import Request.
  Time since last request: 0.000409 seconds.
  path: Assets/Music/Roswell.wav
  artifactKey: Guid(1afd39045b3fbdc4389cf14a035ff441) Importer(815301076,1909f56bfc062723c751e8b465ee728b)
Start importing Assets/Music/Roswell.wav using Guid(1afd39045b3fbdc4389cf14a035ff441) Importer(815301076,1909f56bfc062723c751e8b465ee728b)  -> (artifact id: '11e81969d856ef765af3777f58674afb') in 0.014162 seconds 
========================================================================
Received Import Request.
  Time since last request: 0.000352 seconds.
  path: Assets/Music/MenuTheme.wav
  artifactKey: Guid(3f7f6527ef3cae444bdf8820435df2a1) Importer(815301076,1909f56bfc062723c751e8b465ee728b)
Start importing Assets/Music/MenuTheme.wav using Guid(3f7f6527ef3cae444bdf8820435df2a1) Importer(815301076,1909f56bfc062723c751e8b465ee728b)  -> (artifact id: '7ea0d45d8e057824a94f673ec16b67f7') in 0.014793 seconds 
========================================================================
Received Import Request.
  Time since last request: 0.000287 seconds.
  path: Assets/Music/Tanker.wav
  artifactKey: Guid(2488f98b9d9ab7c419b1e2f3fc0a57df) Importer(815301076,1909f56bfc062723c751e8b465ee728b)
Start importing Assets/Music/Tanker.wav using Guid(2488f98b9d9ab7c419b1e2f3fc0a57df) Importer(815301076,1909f56bfc062723c751e8b465ee728b)  -> (artifact id: '97953f43d8e0822a438b5009cd040374') in 0.014375 seconds 
========================================================================
Received Import Request.
  Time since last request: 0.000353 seconds.
  path: Assets/Music/HelpTheme.wav
  artifactKey: Guid(4175686c273c70c44b8ba12f755c14d7) Importer(815301076,1909f56bfc062723c751e8b465ee728b)
Start importing Assets/Music/HelpTheme.wav using Guid(4175686c273c70c44b8ba12f755c14d7) Importer(815301076,1909f56bfc062723c751e8b465ee728b)  -> (artifact id: '7b627f08746614cf7813f4bfb8076f93') in 0.019590 seconds 
========================================================================
Received Import Request.
  Time since last request: 0.000327 seconds.
  path: Assets/Music/Blaze.wav
  artifactKey: Guid(062d90d7414a8944e8fd83118321891a) Importer(815301076,1909f56bfc062723c751e8b465ee728b)
Start importing Assets/Music/Blaze.wav using Guid(062d90d7414a8944e8fd83118321891a) Importer(815301076,1909f56bfc062723c751e8b465ee728b)  -> (artifact id: '8741dd730c2de1242065f2defa991621') in 0.015499 seconds 
========================================================================
Received Import Request.
  Time since last request: 0.000390 seconds.
  path: Assets/Music/Rodado.wav
  artifactKey: Guid(f5c5e5a114cb7834cb632b9704c3b1a9) Importer(815301076,1909f56bfc062723c751e8b465ee728b)
Start importing Assets/Music/Rodado.wav using Guid(f5c5e5a114cb7834cb632b9704c3b1a9) Importer(815301076,1909f56bfc062723c751e8b465ee728b)  -> (artifact id: '6e00e87ce2b9f52b4e069fac26b7f456') in 0.013477 seconds 
========================================================================
Received Import Request.
  Time since last request: 0.000288 seconds.
  path: Assets/Music/SpeedDem.wav
  artifactKey: Guid(9b05f8595212fc646a8d4c05af7df0c7) Importer(815301076,1909f56bfc062723c751e8b465ee728b)
Start importing Assets/Music/SpeedDem.wav using Guid(9b05f8595212fc646a8d4c05af7df0c7) Importer(815301076,1909f56bfc062723c751e8b465ee728b)  -> (artifact id: '727dfa9a2b979663ce7747c6c60e8ced') in 0.020140 seconds 
========================================================================
Received Import Request.
  Time since last request: 0.000368 seconds.
  path: Assets/Music/Talon.wav
  artifactKey: Guid(ee88aafd17b3a4042b4ad5f9e1476dac) Importer(815301076,1909f56bfc062723c751e8b465ee728b)
Start importing Assets/Music/Talon.wav using Guid(ee88aafd17b3a4042b4ad5f9e1476dac) Importer(815301076,1909f56bfc062723c751e8b465ee728b)  -> (artifact id: 'b6c5a7aa62118216524203c1d57e221c') in 0.014932 seconds 
========================================================================
Received Import Request.
  Time since last request: 12.540160 seconds.
  path: Assets/Music/Roswell.wav
  artifactKey: Guid(1afd39045b3fbdc4389cf14a035ff441) Importer(815301076,1909f56bfc062723c751e8b465ee728b)
Start importing Assets/Music/Roswell.wav using Guid(1afd39045b3fbdc4389cf14a035ff441) Importer(815301076,1909f56bfc062723c751e8b465ee728b)  -> (artifact id: '768deb3c842d5926b7778b0376c85315') in 0.008090 seconds 
========================================================================
Received Import Request.
  Time since last request: 0.018097 seconds.
  path: Assets/Music/Aspida.wav
  artifactKey: Guid(c23263823b97e8c4584cd785805b1225) Importer(815301076,1909f56bfc062723c751e8b465ee728b)
Start importing Assets/Music/Aspida.wav using Guid(c23263823b97e8c4584cd785805b1225) Importer(815301076,1909f56bfc062723c751e8b465ee728b)  -> (artifact id: '45e68d09fd31829825e6d024cc99e46f') in 0.013722 seconds 
========================================================================
Received Import Request.
  Time since last request: 0.000387 seconds.
  path: Assets/Music/Bullet.wav
  artifactKey: Guid(d1bde7053481cef47977f558ef66f5c3) Importer(815301076,1909f56bfc062723c751e8b465ee728b)
Start importing Assets/Music/Bullet.wav using Guid(d1bde7053481cef47977f558ef66f5c3) Importer(815301076,1909f56bfc062723c751e8b465ee728b)  -> (artifact id: 'b2bab98a9b8b7c053a7c44ca86debb6e') in 0.008842 seconds 
========================================================================
Received Import Request.
  Time since last request: 0.000371 seconds.
  path: Assets/Music/MenuTheme.wav
  artifactKey: Guid(3f7f6527ef3cae444bdf8820435df2a1) Importer(815301076,1909f56bfc062723c751e8b465ee728b)
Start importing Assets/Music/MenuTheme.wav using Guid(3f7f6527ef3cae444bdf8820435df2a1) Importer(815301076,1909f56bfc062723c751e8b465ee728b)  -> (artifact id: 'e218ca434133f5d2ca6bfa38cac0c90a') in 0.017951 seconds 
========================================================================
Received Import Request.
  Time since last request: 0.000324 seconds.
  path: Assets/Music/Tanker.wav
  artifactKey: Guid(2488f98b9d9ab7c419b1e2f3fc0a57df) Importer(815301076,1909f56bfc062723c751e8b465ee728b)
Start importing Assets/Music/Tanker.wav using Guid(2488f98b9d9ab7c419b1e2f3fc0a57df) Importer(815301076,1909f56bfc062723c751e8b465ee728b)  -> (artifact id: 'c67a515160b262cc950fbdbcbbf7ec0b') in 0.010700 seconds 
========================================================================
Received Import Request.
  Time since last request: 0.000295 seconds.
  path: Assets/Music/HelpTheme.wav
  artifactKey: Guid(4175686c273c70c44b8ba12f755c14d7) Importer(815301076,1909f56bfc062723c751e8b465ee728b)
Start importing Assets/Music/HelpTheme.wav using Guid(4175686c273c70c44b8ba12f755c14d7) Importer(815301076,1909f56bfc062723c751e8b465ee728b)  -> (artifact id: '5af5dca60ee200980ed7348767c68e73') in 0.015165 seconds 
========================================================================
Received Import Request.
  Time since last request: 0.000298 seconds.
  path: Assets/Music/Blaze.wav
  artifactKey: Guid(062d90d7414a8944e8fd83118321891a) Importer(815301076,1909f56bfc062723c751e8b465ee728b)
Start importing Assets/Music/Blaze.wav using Guid(062d90d7414a8944e8fd83118321891a) Importer(815301076,1909f56bfc062723c751e8b465ee728b)  -> (artifact id: 'd65d8fa290f0748f349d09a02c7c79a8') in 0.009114 seconds 
========================================================================
Received Import Request.
  Time since last request: 0.000368 seconds.
  path: Assets/Music/Rodado.wav
  artifactKey: Guid(f5c5e5a114cb7834cb632b9704c3b1a9) Importer(815301076,1909f56bfc062723c751e8b465ee728b)
Start importing Assets/Music/Rodado.wav using Guid(f5c5e5a114cb7834cb632b9704c3b1a9) Importer(815301076,1909f56bfc062723c751e8b465ee728b)  -> (artifact id: 'ce6c8af134e9d942cf1b907d822fb18a') in 0.012734 seconds 
========================================================================
Received Import Request.
  Time since last request: 0.000388 seconds.
  path: Assets/Music/SpeedDem.wav
  artifactKey: Guid(9b05f8595212fc646a8d4c05af7df0c7) Importer(815301076,1909f56bfc062723c751e8b465ee728b)
Start importing Assets/Music/SpeedDem.wav using Guid(9b05f8595212fc646a8d4c05af7df0c7) Importer(815301076,1909f56bfc062723c751e8b465ee728b)  -> (artifact id: 'df21e98772211cf19a0da11dbda5d762') in 0.010009 seconds 
========================================================================
Received Import Request.
  Time since last request: 0.000291 seconds.
  path: Assets/Music/Talon.wav
  artifactKey: Guid(ee88aafd17b3a4042b4ad5f9e1476dac) Importer(815301076,1909f56bfc062723c751e8b465ee728b)
Start importing Assets/Music/Talon.wav using Guid(ee88aafd17b3a4042b4ad5f9e1476dac) Importer(815301076,1909f56bfc062723c751e8b465ee728b)  -> (artifact id: '07f715fbfaea9bf33f82745e04291102') in 0.008028 seconds 
========================================================================
Received Prepare
Registering precompiled user dll's ...
Registered in 0.004997 seconds.
Begin MonoManager ReloadAssembly
Symbol file LoadedFromMemory doesn't match image C:\Users\ethan\RockitFliRedoneAttempt2\Library\PackageCache\com.unity.collab-proxy@1.15.15\Lib\Editor\PlasticSCM\unityplastic.dll
Native extension for LinuxStandalone target not found
Native extension for WindowsStandalone target not found
Native extension for OSXStandalone target not found
Native extension for WebGL target not found
Refreshing native plugins compatible for Editor in 0.56 ms, found 3 plugins.
Preloading 0 native plugins for Editor in 0.00 ms.
Mono: successfully reloaded assembly
- Completed reload, in  1.420 seconds
Domain Reload Profiling:
	ReloadAssembly (1420ms)
		BeginReloadAssembly (159ms)
			ExecutionOrderSort (0ms)
			DisableScriptedObjects (10ms)
			BackupInstance (0ms)
			ReleaseScriptingObjects (0ms)
			CreateAndSetChildDomain (46ms)
		EndReloadAssembly (1169ms)
			LoadAssemblies (144ms)
			RebuildTransferFunctionScriptingTraits (0ms)
			SetupTypeCache (403ms)
			ReleaseScriptCaches (1ms)
			RebuildScriptCaches (61ms)
			SetupLoadedEditorAssemblies (434ms)
				LogAssemblyErrors (0ms)
				InitializePlatformSupportModulesInManaged (10ms)
				SetLoadedEditorAssemblies (1ms)
				RefreshPlugins (1ms)
				BeforeProcessingInitializeOnLoad (125ms)
				ProcessInitializeOnLoadAttributes (273ms)
				ProcessInitializeOnLoadMethodAttributes (16ms)
				AfterProcessingInitializeOnLoad (10ms)
				EditorAssembliesLoaded (0ms)
			ExecutionOrderSort2 (0ms)
			AwakeInstancesAfterBackupRestoration (12ms)
Platform modules already initialized, skipping
Refreshing native plugins compatible for Editor in 0.57 ms, found 3 plugins.
Preloading 0 native plugins for Editor in 0.00 ms.
Unloading 2313 Unused Serialized files (Serialized files now loaded: 0)
System memory in use before: 107.0 MB.
System memory in use after: 107.0 MB.

Unloading 20 unused Assets to reduce memory usage. Loaded Objects now: 2793.
Total: 4.446900 ms (FindLiveObjects: 0.235200 ms CreateObjectMapping: 0.142900 ms MarkObjects: 3.897400 ms  DeleteObjects: 0.170400 ms)

AssetImportParameters requested are different than current active one (requested -> active):
  custom:framework-win-MediaFoundation: 216162199b28c13a410421893ffa2e32 -> 
  custom:video-decoder-ogg-theora: a1e56fd34408186e4bbccfd4996cb3dc -> 
  custom:container-muxer-webm: aa71ff27fc2769a1b78a27578f13a17b -> 
  custom:container-demuxer-webm: 4f35f7cbe854078d1ac9338744f61a02 -> 
  custom:container-demuxer-ogg: 62fdf1f143b41e24485cea50d1cbac27 -> 
  custom:video-encoder-webm-vp8: eb34c28f22e8b96e1ab97ce403110664 -> 
  custom:video-decoder-webm-vp8: 9c59270c3fd7afecdb556c50c9e8de78 -> 
  custom:audio-decoder-ogg-vorbis: bf7c407c2cedff20999df2af8eb42d56 -> 
  custom:audio-encoder-webm-vorbis: bf7c407c2cedff20999df2af8eb42d56 -> 
AssetImportWorkerClient::OnTransportError - code=2 error=End of file
